<?xml version="1.0" encoding="UTF-8"?>
<!-- Generated by org.testng.reporters.JUnitReportReporter -->
<testsuite skipped="0" hostname="Sarah" name="com.restassured.oct022018.Test05_ReadResponse" tests="1" failures="0" timestamp="2 Oct 2018 07:52:52 GMT" time="4.568" errors="0">
  <testcase name="extractDetailsUsingResponse" time="4.568" classname="com.restassured.oct022018.Test05_ReadResponse"/>
</testsuite> <!-- com.restassured.oct022018.Test05_ReadResponse -->
