<?xml version="1.0" encoding="UTF-8"?>
<!-- Generated by org.testng.reporters.JUnitReportReporter -->
<testsuite skipped="0" hostname="Sarah" name="com.restassured.oct022018.Test02_RootSetting" tests="1" failures="0" timestamp="2 Oct 2018 07:09:22 GMT" time="4.542" errors="0">
  <testcase name="testDetachRoot" time="4.542" classname="com.restassured.oct022018.Test02_RootSetting"/>
</testsuite> <!-- com.restassured.oct022018.Test02_RootSetting -->
