<?xml version="1.0" encoding="UTF-8"?>
<!-- Generated by org.testng.reporters.JUnitReportReporter -->
<testsuite skipped="0" hostname="Sarah" name="com.restassured.sept28.newRestAssured.WeatherGetResults" tests="1" failures="0" timestamp="29 Sep 2018 07:19:10 GMT" time="8.034" errors="0">
  <testcase name="test_06" time="8.034" classname="com.restassured.sept28.newRestAssured.WeatherGetResults"/>
</testsuite> <!-- com.restassured.sept28.newRestAssured.WeatherGetResults -->
