<?xml version="1.0" encoding="UTF-8"?>
<!-- Generated by org.testng.reporters.JUnitReportReporter -->
<testsuite skipped="0" hostname="Sarah" name="com.restassured.oct022018.Test_07_SettingRequestData" tests="1" failures="0" timestamp="2 Oct 2018 16:28:11 GMT" time="8.127" errors="0">
  <testcase name="testRequestQueryparameters" time="8.127" classname="com.restassured.oct022018.Test_07_SettingRequestData"/>
</testsuite> <!-- com.restassured.oct022018.Test_07_SettingRequestData -->
