<?xml version="1.0" encoding="UTF-8"?>
<!-- Generated by org.testng.reporters.JUnitReportReporter -->
<testsuite skipped="0" hostname="Sarah" name="newRestAssured.GetAPITest" tests="3" failures="0" timestamp="1 Oct 2018 16:00:45 GMT" time="5.494" errors="0">
  <testcase name="getTestUsingURI" time="2.651" classname="newRestAssured.GetAPITest"/>
  <testcase name="getTestwithHeader" time="0.577" classname="newRestAssured.GetAPITest"/>
  <testcase name="getTest" time="2.266" classname="newRestAssured.GetAPITest"/>
</testsuite> <!-- newRestAssured.GetAPITest -->
