<?xml version="1.0" encoding="UTF-8"?>
<!-- Generated by org.testng.reporters.JUnitReportReporter -->
<testsuite skipped="0" hostname="Sarah" name="com.restassured.oct022018.Test01_BasicFeatures" tests="2" failures="0" timestamp="2 Oct 2018 06:50:05 GMT" time="4.718" errors="0">
  <testcase name="testSingleContent" time="3.562" classname="com.restassured.oct022018.Test01_BasicFeatures"/>
  <testcase name="testSingleContent_1" time="1.156" classname="com.restassured.oct022018.Test01_BasicFeatures"/>
</testsuite> <!-- com.restassured.oct022018.Test01_BasicFeatures -->
