<?xml version="1.0" encoding="UTF-8"?>
<!-- Generated by org.testng.reporters.JUnitReportReporter -->
<testsuite skipped="0" hostname="Sarah" name="com.restassured.sept28.newRestAssured.PutRequests" tests="1" failures="0" timestamp="29 Sep 2018 10:05:34 GMT" time="3.353" errors="0">
  <testcase name="test_01" time="3.353" classname="com.restassured.sept28.newRestAssured.PutRequests"/>
</testsuite> <!-- com.restassured.sept28.newRestAssured.PutRequests -->
