<?xml version="1.0" encoding="UTF-8"?>
<!-- Generated by org.testng.reporters.JUnitReportReporter -->
<testsuite skipped="0" hostname="Sarah" name="com.restassured.oct022018.Test06_Groovy" tests="1" failures="0" timestamp="2 Oct 2018 10:27:07 GMT" time="5.067" errors="0">
  <testcase name="getCookies" time="5.067" classname="com.restassured.oct022018.Test06_Groovy"/>
</testsuite> <!-- com.restassured.oct022018.Test06_Groovy -->
